<?xml version="1.0" encoding="UTF-8"?>
<testng-results total="1" passed="1" failed="0" skipped="0">
  <reporter-output>
  </reporter-output>
  <suite started-at="2022-01-17T06:29:45Z" name="Default suite" finished-at="2022-01-17T07:03:01Z" duration-ms="1995995">
    <groups>
    </groups>
    <test started-at="2022-01-17T06:29:45Z" name="Default test" finished-at="2022-01-17T07:03:01Z" duration-ms="1995995">
      <class name="domain.allDomain.MainClass">
        <test-method signature="callAllMethods()[pri:0, instance:domain.allDomain.MainClass@60bd273d]" started-at="2022-01-17T11:59:45Z" name="callAllMethods" finished-at="2022-01-17T12:33:01Z" duration-ms="1995984" status="PASS">
          <reporter-output>
          </reporter-output>
        </test-method> <!-- callAllMethods -->
      </class> <!-- domain.allDomain.MainClass -->
    </test> <!-- Default test -->
  </suite> <!-- Default suite -->
</testng-results>
